<?xml version="1.0" encoding="UTF-8"?>
<testng-results skipped="0" failed="0" ignored="0" total="0" passed="0">
  <reporter-output>
  </reporter-output>
  <suite name="sampleDemo.AppTest" duration-ms="56" started-at="2020-04-22T12:36:18 IST" finished-at="2020-04-22T12:36:18 IST">
    <groups>
    </groups>
    <test name="Command line test" duration-ms="56" started-at="2020-04-22T12:36:18 IST" finished-at="2020-04-22T12:36:18 IST">
    </test> <!-- Command line test -->
  </suite> <!-- sampleDemo.AppTest -->
</testng-results>
